[0m15:04:43.990498 [debug] [MainThread]: Sending event: {'category': 'dbt', 'action': 'invocation', 'label': 'start', 'context': [<snowplow_tracker.self_describing_json.SelfDescribingJson object at 0x000001C106BFA050>, <snowplow_tracker.self_describing_json.SelfDescribingJson object at 0x000001C106BF8350>, <snowplow_tracker.self_describing_json.SelfDescribingJson object at 0x000001C106BA7AD0>]}


============================== 15:04:43.997931 | c6b0fc1e-fd6c-4921-bb97-3c262caf8329 ==============================
[0m15:04:43.997931 [info ] [MainThread]: Running with dbt=1.8.2
[0m15:04:43.997931 [debug] [MainThread]: running dbt with arguments {'printer_width': '80', 'indirect_selection': 'eager', 'log_cache_events': 'False', 'write_json': 'True', 'partial_parse': 'True', 'cache_selected_only': 'False', 'warn_error': 'None', 'version_check': 'True', 'fail_fast': 'False', 'log_path': 'logs', 'debug': 'False', 'profiles_dir': 'C:\\Users\\21629\\.dbt', 'use_colors': 'True', 'use_experimental_parser': 'False', 'no_print': 'None', 'quiet': 'False', 'warn_error_options': 'WarnErrorOptions(include=[], exclude=[])', 'introspect': 'True', 'invocation_command': 'dbt init', 'static_parser': 'True', 'target_path': 'None', 'log_format': 'default', 'send_anonymous_usage_stats': 'True'}
[0m15:04:44.062619 [warn ] [MainThread]: [ConfigFolderDirectory]: Unable to parse dict {'dir': WindowsPath('C:/Users/21629/.dbt')}
[0m15:04:44.066809 [info ] [MainThread]: Creating dbt configuration folder at 
[0m15:04:53.016028 [debug] [MainThread]: Starter project path: C:\Users\21629\.pyenv\pyenv-win\versions\3.11.3\Lib\site-packages\dbt\include\starter_project
[0m15:04:53.109040 [info ] [MainThread]: 
Your new dbt project "cosmosproject" was created!

For more information on how to configure the profiles.yml file,
please consult the dbt documentation here:

  https://docs.getdbt.com/docs/configure-your-profile

One more thing:

Need help? Don't hesitate to reach out to us via GitHub issues or on Slack:

  https://community.getdbt.com/

Happy modeling!

[0m15:04:53.117005 [info ] [MainThread]: Setting up your profile.
[0m15:07:14.273682 [info ] [MainThread]: Profile cosmosproject written to C:\Users\21629\.dbt\profiles.yml using target's profile_template.yml and your supplied values. Run 'dbt debug' to validate the connection.
[0m15:07:14.273682 [debug] [MainThread]: Command `dbt init` succeeded at 15:07:14.273682 after 150.44 seconds
[0m15:07:14.273682 [debug] [MainThread]: Sending event: {'category': 'dbt', 'action': 'invocation', 'label': 'end', 'context': [<snowplow_tracker.self_describing_json.SelfDescribingJson object at 0x000001C1009AB390>, <snowplow_tracker.self_describing_json.SelfDescribingJson object at 0x000001C100816350>, <snowplow_tracker.self_describing_json.SelfDescribingJson object at 0x000001C1008161D0>]}
[0m15:07:14.273682 [debug] [MainThread]: Flushing usage events
[0m15:07:29.920975 [debug] [MainThread]: Sending event: {'category': 'dbt', 'action': 'invocation', 'label': 'start', 'context': [<snowplow_tracker.self_describing_json.SelfDescribingJson object at 0x0000014C79013990>, <snowplow_tracker.self_describing_json.SelfDescribingJson object at 0x0000014C790124D0>, <snowplow_tracker.self_describing_json.SelfDescribingJson object at 0x0000014C79013610>]}


============================== 15:07:29.920975 | 729529a1-327b-4dac-a7df-ab9f8e9788c7 ==============================
[0m15:07:29.920975 [info ] [MainThread]: Running with dbt=1.8.2
[0m15:07:29.920975 [debug] [MainThread]: running dbt with arguments {'printer_width': '80', 'indirect_selection': 'eager', 'write_json': 'True', 'log_cache_events': 'False', 'partial_parse': 'True', 'cache_selected_only': 'False', 'warn_error': 'None', 'fail_fast': 'False', 'debug': 'False', 'log_path': 'logs', 'profiles_dir': 'C:\\Users\\21629\\.dbt', 'version_check': 'True', 'use_colors': 'True', 'use_experimental_parser': 'False', 'no_print': 'None', 'quiet': 'False', 'warn_error_options': 'WarnErrorOptions(include=[], exclude=[])', 'static_parser': 'True', 'introspect': 'True', 'log_format': 'default', 'target_path': 'None', 'invocation_command': 'dbt debug', 'send_anonymous_usage_stats': 'True'}
[0m15:07:29.975857 [info ] [MainThread]: dbt version: 1.8.2
[0m15:07:29.975857 [info ] [MainThread]: python version: 3.11.3
[0m15:07:29.983860 [info ] [MainThread]: python path: C:\Users\21629\.pyenv\pyenv-win\versions\3.11.3\python.exe
[0m15:07:29.983860 [info ] [MainThread]: os info: Windows-10-10.0.22631-SP0
[0m15:07:31.090847 [info ] [MainThread]: Using profiles dir at C:\Users\21629\.dbt
[0m15:07:31.090847 [info ] [MainThread]: Using profiles.yml file at C:\Users\21629\.dbt\profiles.yml
[0m15:07:31.090847 [info ] [MainThread]: Using dbt_project.yml file at C:\Users\21629\Desktop\dbt_airflow\dags\dbt\dbt_project.yml
[0m15:07:31.097252 [info ] [MainThread]: adapter type: snowflake
[0m15:07:31.097252 [info ] [MainThread]: adapter version: 1.8.2
[0m15:07:31.098980 [info ] [MainThread]: Configuration:
[0m15:07:31.098980 [info ] [MainThread]:   profiles.yml file [[32mOK found and valid[0m]
[0m15:07:31.098980 [info ] [MainThread]:   dbt_project.yml file [[31mERROR not found[0m]
[0m15:07:31.098980 [info ] [MainThread]: Required dependencies:
[0m15:07:31.098980 [debug] [MainThread]: Executing "git --help"
[0m15:07:31.177514 [debug] [MainThread]: STDOUT: "b"usage: git [-v | --version] [-h | --help] [-C <path>] [-c <name>=<value>]\n           [--exec-path[=<path>]] [--html-path] [--man-path] [--info-path]\n           [-p | --paginate | -P | --no-pager] [--no-replace-objects] [--bare]\n           [--git-dir=<path>] [--work-tree=<path>] [--namespace=<name>]\n           [--config-env=<name>=<envvar>] <command> [<args>]\n\nThese are common Git commands used in various situations:\n\nstart a working area (see also: git help tutorial)\n   clone     Clone a repository into a new directory\n   init      Create an empty Git repository or reinitialize an existing one\n\nwork on the current change (see also: git help everyday)\n   add       Add file contents to the index\n   mv        Move or rename a file, a directory, or a symlink\n   restore   Restore working tree files\n   rm        Remove files from the working tree and from the index\n\nexamine the history and state (see also: git help revisions)\n   bisect    Use binary search to find the commit that introduced a bug\n   diff      Show changes between commits, commit and working tree, etc\n   grep      Print lines matching a pattern\n   log       Show commit logs\n   show      Show various types of objects\n   status    Show the working tree status\n\ngrow, mark and tweak your common history\n   branch    List, create, or delete branches\n   commit    Record changes to the repository\n   merge     Join two or more development histories together\n   rebase    Reapply commits on top of another base tip\n   reset     Reset current HEAD to the specified state\n   switch    Switch branches\n   tag       Create, list, delete or verify a tag object signed with GPG\n\ncollaborate (see also: git help workflows)\n   fetch     Download objects and refs from another repository\n   pull      Fetch from and integrate with another repository or a local branch\n   push      Update remote refs along with associated objects\n\n'git help -a' and 'git help -g' list available subcommands and some\nconcept guides. See 'git help <command>' or 'git help <concept>'\nto read about a specific subcommand or concept.\nSee 'git help git' for an overview of the system.\n""
[0m15:07:31.177514 [debug] [MainThread]: STDERR: "b''"
[0m15:07:31.177514 [info ] [MainThread]:  - git [[32mOK found[0m]

[0m15:07:31.177514 [info ] [MainThread]: Connection:
[0m15:07:31.177514 [info ] [MainThread]:   account: si31446.uk-south.azure
[0m15:07:31.177514 [info ] [MainThread]:   user: younsizeineb
[0m15:07:31.177514 [info ] [MainThread]:   database: opportunity
[0m15:07:31.177514 [info ] [MainThread]:   warehouse: load_data1
[0m15:07:31.188726 [info ] [MainThread]:   role: dbt_role
[0m15:07:31.188726 [info ] [MainThread]:   schema: curated_zone
[0m15:07:31.188726 [info ] [MainThread]:   authenticator: None
[0m15:07:31.188726 [info ] [MainThread]:   oauth_client_id: None
[0m15:07:31.188726 [info ] [MainThread]:   query_tag: None
[0m15:07:31.188726 [info ] [MainThread]:   client_session_keep_alive: False
[0m15:07:31.196384 [info ] [MainThread]:   host: None
[0m15:07:31.196384 [info ] [MainThread]:   port: None
[0m15:07:31.196384 [info ] [MainThread]:   proxy_host: None
[0m15:07:31.200560 [info ] [MainThread]:   proxy_port: None
[0m15:07:31.201513 [info ] [MainThread]:   protocol: None
[0m15:07:31.201513 [info ] [MainThread]:   connect_retries: 1
[0m15:07:31.203289 [info ] [MainThread]:   connect_timeout: None
[0m15:07:31.204510 [info ] [MainThread]:   retry_on_database_errors: False
[0m15:07:31.207035 [info ] [MainThread]:   retry_all: False
[0m15:07:31.207362 [info ] [MainThread]:   insecure_mode: False
[0m15:07:31.207362 [info ] [MainThread]:   reuse_connections: None
[0m15:07:31.207362 [info ] [MainThread]: Registered adapter: snowflake=1.8.2
[0m15:07:31.212373 [debug] [MainThread]: Acquiring new snowflake connection 'debug'
[0m15:07:31.214486 [debug] [MainThread]: Using snowflake connection "debug"
[0m15:07:31.214486 [debug] [MainThread]: On debug: select 1 as id
[0m15:07:31.214486 [debug] [MainThread]: Opening a new connection, currently in state init
[0m15:07:42.980951 [debug] [MainThread]: Snowflake adapter: Error running SQL: select 1 as id
[0m15:07:42.996598 [debug] [MainThread]: Snowflake adapter: Rolling back transaction.
[0m15:07:42.998797 [debug] [MainThread]: On debug: No close available on handle
[0m15:07:42.998797 [info ] [MainThread]:   Connection test: [[31mERROR[0m]

[0m15:07:42.998797 [info ] [MainThread]: [31m2 checks failed:[0m
[0m15:07:42.998797 [info ] [MainThread]: Project loading failed for the following reason:
 project path <C:\Users\21629\Desktop\dbt_airflow\dags\dbt\dbt_project.yml> not found

[0m15:07:42.998797 [info ] [MainThread]: dbt was unable to connect to the specified database.
The database returned the following error:

  >Database Error
  250001 (08001): Failed to connect to DB: si31446.uk-south.azure.snowflakecomputing.com:443. Incorrect username or password was specified.

Check your database credentials and try again. For more information, visit:
https://docs.getdbt.com/docs/configure-your-profile


[0m15:07:43.007033 [debug] [MainThread]: Command `dbt debug` failed at 15:07:43.007033 after 13.18 seconds
[0m15:07:43.007033 [debug] [MainThread]: Connection 'debug' was properly closed.
[0m15:07:43.007033 [debug] [MainThread]: Sending event: {'category': 'dbt', 'action': 'invocation', 'label': 'end', 'context': [<snowplow_tracker.self_describing_json.SelfDescribingJson object at 0x0000014C7901B110>, <snowplow_tracker.self_describing_json.SelfDescribingJson object at 0x0000014C7901AF10>, <snowplow_tracker.self_describing_json.SelfDescribingJson object at 0x0000014C1A1C6410>]}
[0m15:07:43.007033 [debug] [MainThread]: Flushing usage events
[0m15:10:47.555176 [debug] [MainThread]: Sending event: {'category': 'dbt', 'action': 'invocation', 'label': 'start', 'context': [<snowplow_tracker.self_describing_json.SelfDescribingJson object at 0x000001E418200990>, <snowplow_tracker.self_describing_json.SelfDescribingJson object at 0x000001E417FA51D0>, <snowplow_tracker.self_describing_json.SelfDescribingJson object at 0x000001E418213710>]}


============================== 15:10:47.555176 | acbd7fc6-075b-4bfe-93b9-573f55fdf38f ==============================
[0m15:10:47.555176 [info ] [MainThread]: Running with dbt=1.8.2
[0m15:10:47.564193 [debug] [MainThread]: running dbt with arguments {'printer_width': '80', 'indirect_selection': 'eager', 'write_json': 'True', 'log_cache_events': 'False', 'partial_parse': 'True', 'cache_selected_only': 'False', 'warn_error': 'None', 'fail_fast': 'False', 'debug': 'False', 'log_path': 'logs', 'version_check': 'True', 'profiles_dir': 'C:\\Users\\21629\\.dbt', 'use_colors': 'True', 'use_experimental_parser': 'False', 'no_print': 'None', 'quiet': 'False', 'log_format': 'default', 'invocation_command': 'dbt init', 'introspect': 'True', 'static_parser': 'True', 'target_path': 'None', 'warn_error_options': 'WarnErrorOptions(include=[], exclude=[])', 'send_anonymous_usage_stats': 'True'}
[0m15:10:54.126477 [debug] [MainThread]: Starter project path: C:\Users\21629\.pyenv\pyenv-win\versions\3.11.3\Lib\site-packages\dbt\include\starter_project
[0m15:10:54.173380 [info ] [MainThread]: 
Your new dbt project "cosmosproject" was created!

For more information on how to configure the profiles.yml file,
please consult the dbt documentation here:

  https://docs.getdbt.com/docs/configure-your-profile

One more thing:

Need help? Don't hesitate to reach out to us via GitHub issues or on Slack:

  https://community.getdbt.com/

Happy modeling!

[0m15:10:54.180873 [info ] [MainThread]: Setting up your profile.
[0m15:14:16.487339 [info ] [MainThread]: Profile cosmosproject written to C:\Users\21629\.dbt\profiles.yml using target's profile_template.yml and your supplied values. Run 'dbt debug' to validate the connection.
[0m15:14:16.495371 [debug] [MainThread]: Command `dbt init` succeeded at 15:14:16.495371 after 209.07 seconds
[0m15:14:16.495371 [debug] [MainThread]: Sending event: {'category': 'dbt', 'action': 'invocation', 'label': 'end', 'context': [<snowplow_tracker.self_describing_json.SelfDescribingJson object at 0x000001E4181C50D0>, <snowplow_tracker.self_describing_json.SelfDescribingJson object at 0x000001E43818EED0>, <snowplow_tracker.self_describing_json.SelfDescribingJson object at 0x000001E411F7B390>]}
[0m15:14:16.495371 [debug] [MainThread]: Flushing usage events
[0m15:14:32.371251 [debug] [MainThread]: Sending event: {'category': 'dbt', 'action': 'invocation', 'label': 'start', 'context': [<snowplow_tracker.self_describing_json.SelfDescribingJson object at 0x00000221D086A110>, <snowplow_tracker.self_describing_json.SelfDescribingJson object at 0x00000221D086A690>, <snowplow_tracker.self_describing_json.SelfDescribingJson object at 0x00000221D086A3D0>]}


============================== 15:14:32.379301 | 3b150d9d-1dfa-4cdd-af6e-5a4822d9b59e ==============================
[0m15:14:32.379301 [info ] [MainThread]: Running with dbt=1.8.2
[0m15:14:32.379301 [debug] [MainThread]: running dbt with arguments {'printer_width': '80', 'indirect_selection': 'eager', 'log_cache_events': 'False', 'write_json': 'True', 'partial_parse': 'True', 'cache_selected_only': 'False', 'profiles_dir': 'C:\\Users\\21629\\.dbt', 'debug': 'False', 'fail_fast': 'False', 'log_path': 'logs', 'version_check': 'True', 'warn_error': 'None', 'use_colors': 'True', 'use_experimental_parser': 'False', 'no_print': 'None', 'quiet': 'False', 'warn_error_options': 'WarnErrorOptions(include=[], exclude=[])', 'introspect': 'True', 'invocation_command': 'dbt debug', 'log_format': 'default', 'target_path': 'None', 'static_parser': 'True', 'send_anonymous_usage_stats': 'True'}
[0m15:14:32.426678 [info ] [MainThread]: dbt version: 1.8.2
[0m15:14:32.426678 [info ] [MainThread]: python version: 3.11.3
[0m15:14:32.426678 [info ] [MainThread]: python path: C:\Users\21629\.pyenv\pyenv-win\versions\3.11.3\python.exe
[0m15:14:32.434689 [info ] [MainThread]: os info: Windows-10-10.0.22631-SP0
[0m15:14:33.516912 [info ] [MainThread]: Using profiles dir at C:\Users\21629\.dbt
[0m15:14:33.516912 [info ] [MainThread]: Using profiles.yml file at C:\Users\21629\.dbt\profiles.yml
[0m15:14:33.516912 [info ] [MainThread]: Using dbt_project.yml file at C:\Users\21629\Desktop\dbt_airflow\dags\dbt\dbt_project.yml
[0m15:14:33.532541 [info ] [MainThread]: adapter type: snowflake
[0m15:14:33.532541 [info ] [MainThread]: adapter version: 1.8.2
[0m15:14:33.532541 [info ] [MainThread]: Configuration:
[0m15:14:33.537187 [info ] [MainThread]:   profiles.yml file [[32mOK found and valid[0m]
[0m15:14:33.537187 [info ] [MainThread]:   dbt_project.yml file [[31mERROR not found[0m]
[0m15:14:33.537187 [info ] [MainThread]: Required dependencies:
[0m15:14:33.540329 [debug] [MainThread]: Executing "git --help"
[0m15:14:33.618893 [debug] [MainThread]: STDOUT: "b"usage: git [-v | --version] [-h | --help] [-C <path>] [-c <name>=<value>]\n           [--exec-path[=<path>]] [--html-path] [--man-path] [--info-path]\n           [-p | --paginate | -P | --no-pager] [--no-replace-objects] [--bare]\n           [--git-dir=<path>] [--work-tree=<path>] [--namespace=<name>]\n           [--config-env=<name>=<envvar>] <command> [<args>]\n\nThese are common Git commands used in various situations:\n\nstart a working area (see also: git help tutorial)\n   clone     Clone a repository into a new directory\n   init      Create an empty Git repository or reinitialize an existing one\n\nwork on the current change (see also: git help everyday)\n   add       Add file contents to the index\n   mv        Move or rename a file, a directory, or a symlink\n   restore   Restore working tree files\n   rm        Remove files from the working tree and from the index\n\nexamine the history and state (see also: git help revisions)\n   bisect    Use binary search to find the commit that introduced a bug\n   diff      Show changes between commits, commit and working tree, etc\n   grep      Print lines matching a pattern\n   log       Show commit logs\n   show      Show various types of objects\n   status    Show the working tree status\n\ngrow, mark and tweak your common history\n   branch    List, create, or delete branches\n   commit    Record changes to the repository\n   merge     Join two or more development histories together\n   rebase    Reapply commits on top of another base tip\n   reset     Reset current HEAD to the specified state\n   switch    Switch branches\n   tag       Create, list, delete or verify a tag object signed with GPG\n\ncollaborate (see also: git help workflows)\n   fetch     Download objects and refs from another repository\n   pull      Fetch from and integrate with another repository or a local branch\n   push      Update remote refs along with associated objects\n\n'git help -a' and 'git help -g' list available subcommands and some\nconcept guides. See 'git help <command>' or 'git help <concept>'\nto read about a specific subcommand or concept.\nSee 'git help git' for an overview of the system.\n""
[0m15:14:33.618893 [debug] [MainThread]: STDERR: "b''"
[0m15:14:33.623943 [info ] [MainThread]:  - git [[32mOK found[0m]

[0m15:14:33.623943 [info ] [MainThread]: Connection:
[0m15:14:33.623943 [info ] [MainThread]:   account: si31446.uk-south.azure
[0m15:14:33.623943 [info ] [MainThread]:   user: younsizeineb
[0m15:14:33.623943 [info ] [MainThread]:   database: opportunity
[0m15:14:33.623943 [info ] [MainThread]:   warehouse: LOAD_DATA1
[0m15:14:33.631956 [info ] [MainThread]:   role: dbt_role
[0m15:14:33.631956 [info ] [MainThread]:   schema: curated_zone
[0m15:14:33.631956 [info ] [MainThread]:   authenticator: None
[0m15:14:33.631956 [info ] [MainThread]:   oauth_client_id: None
[0m15:14:33.631956 [info ] [MainThread]:   query_tag: None
[0m15:14:33.631956 [info ] [MainThread]:   client_session_keep_alive: False
[0m15:14:33.639963 [info ] [MainThread]:   host: None
[0m15:14:33.641041 [info ] [MainThread]:   port: None
[0m15:14:33.641041 [info ] [MainThread]:   proxy_host: None
[0m15:14:33.644213 [info ] [MainThread]:   proxy_port: None
[0m15:14:33.644649 [info ] [MainThread]:   protocol: None
[0m15:14:33.644649 [info ] [MainThread]:   connect_retries: 1
[0m15:14:33.644649 [info ] [MainThread]:   connect_timeout: None
[0m15:14:33.648835 [info ] [MainThread]:   retry_on_database_errors: False
[0m15:14:33.648835 [info ] [MainThread]:   retry_all: False
[0m15:14:33.650951 [info ] [MainThread]:   insecure_mode: False
[0m15:14:33.650951 [info ] [MainThread]:   reuse_connections: None
[0m15:14:33.650951 [info ] [MainThread]: Registered adapter: snowflake=1.8.2
[0m15:14:33.650951 [debug] [MainThread]: Acquiring new snowflake connection 'debug'
[0m15:14:33.657585 [debug] [MainThread]: Using snowflake connection "debug"
[0m15:14:33.658592 [debug] [MainThread]: On debug: select 1 as id
[0m15:14:33.658592 [debug] [MainThread]: Opening a new connection, currently in state init
[0m15:14:37.619658 [debug] [MainThread]: Snowflake adapter: Error running SQL: select 1 as id
[0m15:14:37.619658 [debug] [MainThread]: Snowflake adapter: Rolling back transaction.
[0m15:14:37.619658 [debug] [MainThread]: On debug: No close available on handle
[0m15:14:37.619658 [info ] [MainThread]:   Connection test: [[31mERROR[0m]

[0m15:14:37.635968 [info ] [MainThread]: [31m2 checks failed:[0m
[0m15:14:37.637227 [info ] [MainThread]: Project loading failed for the following reason:
 project path <C:\Users\21629\Desktop\dbt_airflow\dags\dbt\dbt_project.yml> not found

[0m15:14:37.641176 [info ] [MainThread]: dbt was unable to connect to the specified database.
The database returned the following error:

  >Database Error
  250001 (08001): Failed to connect to DB: si31446.uk-south.azure.snowflakecomputing.com:443. Incorrect username or password was specified.

Check your database credentials and try again. For more information, visit:
https://docs.getdbt.com/docs/configure-your-profile


[0m15:14:37.648839 [debug] [MainThread]: Command `dbt debug` failed at 15:14:37.648839 after 5.39 seconds
[0m15:14:37.653984 [debug] [MainThread]: Connection 'debug' was properly closed.
[0m15:14:37.655198 [debug] [MainThread]: Sending event: {'category': 'dbt', 'action': 'invocation', 'label': 'end', 'context': [<snowplow_tracker.self_describing_json.SelfDescribingJson object at 0x00000221D08152D0>, <snowplow_tracker.self_describing_json.SelfDescribingJson object at 0x00000221F07DF0D0>, <snowplow_tracker.self_describing_json.SelfDescribingJson object at 0x00000221F1954C10>]}
[0m15:14:37.657277 [debug] [MainThread]: Flushing usage events
[0m15:16:54.315892 [debug] [MainThread]: Sending event: {'category': 'dbt', 'action': 'invocation', 'label': 'start', 'context': [<snowplow_tracker.self_describing_json.SelfDescribingJson object at 0x000001ABAD392190>, <snowplow_tracker.self_describing_json.SelfDescribingJson object at 0x000001ABAD37C5D0>, <snowplow_tracker.self_describing_json.SelfDescribingJson object at 0x000001ABAD37C9D0>]}


============================== 15:16:54.315892 | 68de5a68-cc12-4035-be01-5ccfbb097779 ==============================
[0m15:16:54.315892 [info ] [MainThread]: Running with dbt=1.8.2
[0m15:16:54.315892 [debug] [MainThread]: running dbt with arguments {'printer_width': '80', 'indirect_selection': 'eager', 'log_cache_events': 'False', 'write_json': 'True', 'partial_parse': 'True', 'cache_selected_only': 'False', 'profiles_dir': 'C:\\Users\\21629\\.dbt', 'version_check': 'True', 'warn_error': 'None', 'log_path': 'logs', 'debug': 'False', 'fail_fast': 'False', 'use_colors': 'True', 'use_experimental_parser': 'False', 'no_print': 'None', 'quiet': 'False', 'warn_error_options': 'WarnErrorOptions(include=[], exclude=[])', 'static_parser': 'True', 'log_format': 'default', 'invocation_command': 'dbt init', 'target_path': 'None', 'introspect': 'True', 'send_anonymous_usage_stats': 'True'}
[0m15:17:07.049144 [debug] [MainThread]: Starter project path: C:\Users\21629\.pyenv\pyenv-win\versions\3.11.3\Lib\site-packages\dbt\include\starter_project
[0m15:17:07.102005 [info ] [MainThread]: 
Your new dbt project "cosmosproject" was created!

For more information on how to configure the profiles.yml file,
please consult the dbt documentation here:

  https://docs.getdbt.com/docs/configure-your-profile

One more thing:

Need help? Don't hesitate to reach out to us via GitHub issues or on Slack:

  https://community.getdbt.com/

Happy modeling!

[0m15:17:07.102005 [info ] [MainThread]: Setting up your profile.
[0m15:19:00.927340 [info ] [MainThread]: Profile cosmosproject written to C:\Users\21629\.dbt\profiles.yml using target's profile_template.yml and your supplied values. Run 'dbt debug' to validate the connection.
[0m15:19:00.944476 [debug] [MainThread]: Command `dbt init` succeeded at 15:19:00.944476 after 126.73 seconds
[0m15:19:00.945031 [debug] [MainThread]: Sending event: {'category': 'dbt', 'action': 'invocation', 'label': 'end', 'context': [<snowplow_tracker.self_describing_json.SelfDescribingJson object at 0x000001ABAD37C910>, <snowplow_tracker.self_describing_json.SelfDescribingJson object at 0x000001ABAA274710>, <snowplow_tracker.self_describing_json.SelfDescribingJson object at 0x000001ABA6F561D0>]}
[0m15:19:00.945031 [debug] [MainThread]: Flushing usage events
[0m15:19:13.007537 [debug] [MainThread]: Sending event: {'category': 'dbt', 'action': 'invocation', 'label': 'start', 'context': [<snowplow_tracker.self_describing_json.SelfDescribingJson object at 0x000001F0268AA390>, <snowplow_tracker.self_describing_json.SelfDescribingJson object at 0x000001F0265A5B90>, <snowplow_tracker.self_describing_json.SelfDescribingJson object at 0x000001F0268AA610>]}


============================== 15:19:13.007537 | f60465ca-bad6-4742-b501-3204e5ae5ded ==============================
[0m15:19:13.007537 [info ] [MainThread]: Running with dbt=1.8.2
[0m15:19:13.007537 [debug] [MainThread]: running dbt with arguments {'printer_width': '80', 'indirect_selection': 'eager', 'write_json': 'True', 'log_cache_events': 'False', 'partial_parse': 'True', 'cache_selected_only': 'False', 'warn_error': 'None', 'fail_fast': 'False', 'version_check': 'True', 'log_path': 'logs', 'debug': 'False', 'profiles_dir': 'C:\\Users\\21629\\.dbt', 'use_colors': 'True', 'use_experimental_parser': 'False', 'no_print': 'None', 'quiet': 'False', 'log_format': 'default', 'introspect': 'True', 'static_parser': 'True', 'invocation_command': 'dbt debug', 'target_path': 'None', 'warn_error_options': 'WarnErrorOptions(include=[], exclude=[])', 'send_anonymous_usage_stats': 'True'}
[0m15:19:13.050082 [info ] [MainThread]: dbt version: 1.8.2
[0m15:19:13.050082 [info ] [MainThread]: python version: 3.11.3
[0m15:19:13.057977 [info ] [MainThread]: python path: C:\Users\21629\.pyenv\pyenv-win\versions\3.11.3\python.exe
[0m15:19:13.057977 [info ] [MainThread]: os info: Windows-10-10.0.22631-SP0
[0m15:19:14.607620 [info ] [MainThread]: Using profiles dir at C:\Users\21629\.dbt
[0m15:19:14.607620 [info ] [MainThread]: Using profiles.yml file at C:\Users\21629\.dbt\profiles.yml
[0m15:19:14.607620 [info ] [MainThread]: Using dbt_project.yml file at C:\Users\21629\Desktop\dbt_airflow\dags\dbt\dbt_project.yml
[0m15:19:14.607620 [info ] [MainThread]: adapter type: snowflake
[0m15:19:14.607620 [info ] [MainThread]: adapter version: 1.8.2
[0m15:19:14.622557 [info ] [MainThread]: Configuration:
[0m15:19:14.623590 [info ] [MainThread]:   profiles.yml file [[32mOK found and valid[0m]
[0m15:19:14.623590 [info ] [MainThread]:   dbt_project.yml file [[31mERROR not found[0m]
[0m15:19:14.623590 [info ] [MainThread]: Required dependencies:
[0m15:19:14.626796 [debug] [MainThread]: Executing "git --help"
[0m15:19:14.720917 [debug] [MainThread]: STDOUT: "b"usage: git [-v | --version] [-h | --help] [-C <path>] [-c <name>=<value>]\n           [--exec-path[=<path>]] [--html-path] [--man-path] [--info-path]\n           [-p | --paginate | -P | --no-pager] [--no-replace-objects] [--bare]\n           [--git-dir=<path>] [--work-tree=<path>] [--namespace=<name>]\n           [--config-env=<name>=<envvar>] <command> [<args>]\n\nThese are common Git commands used in various situations:\n\nstart a working area (see also: git help tutorial)\n   clone     Clone a repository into a new directory\n   init      Create an empty Git repository or reinitialize an existing one\n\nwork on the current change (see also: git help everyday)\n   add       Add file contents to the index\n   mv        Move or rename a file, a directory, or a symlink\n   restore   Restore working tree files\n   rm        Remove files from the working tree and from the index\n\nexamine the history and state (see also: git help revisions)\n   bisect    Use binary search to find the commit that introduced a bug\n   diff      Show changes between commits, commit and working tree, etc\n   grep      Print lines matching a pattern\n   log       Show commit logs\n   show      Show various types of objects\n   status    Show the working tree status\n\ngrow, mark and tweak your common history\n   branch    List, create, or delete branches\n   commit    Record changes to the repository\n   merge     Join two or more development histories together\n   rebase    Reapply commits on top of another base tip\n   reset     Reset current HEAD to the specified state\n   switch    Switch branches\n   tag       Create, list, delete or verify a tag object signed with GPG\n\ncollaborate (see also: git help workflows)\n   fetch     Download objects and refs from another repository\n   pull      Fetch from and integrate with another repository or a local branch\n   push      Update remote refs along with associated objects\n\n'git help -a' and 'git help -g' list available subcommands and some\nconcept guides. See 'git help <command>' or 'git help <concept>'\nto read about a specific subcommand or concept.\nSee 'git help git' for an overview of the system.\n""
[0m15:19:14.720917 [debug] [MainThread]: STDERR: "b''"
[0m15:19:14.720917 [info ] [MainThread]:  - git [[32mOK found[0m]

[0m15:19:14.720917 [info ] [MainThread]: Connection:
[0m15:19:14.728964 [info ] [MainThread]:   account: si31446.uk-south.azure
[0m15:19:14.728964 [info ] [MainThread]:   user: younsizeineb
[0m15:19:14.732153 [info ] [MainThread]:   database: opportunity
[0m15:19:14.733753 [info ] [MainThread]:   warehouse: load_data1
[0m15:19:14.737266 [info ] [MainThread]:   role: dbt_role
[0m15:19:14.737266 [info ] [MainThread]:   schema: curated_zone
[0m15:19:14.737266 [info ] [MainThread]:   authenticator: None
[0m15:19:14.737266 [info ] [MainThread]:   oauth_client_id: None
[0m15:19:14.745285 [info ] [MainThread]:   query_tag: None
[0m15:19:14.745285 [info ] [MainThread]:   client_session_keep_alive: False
[0m15:19:14.749757 [info ] [MainThread]:   host: None
[0m15:19:14.749757 [info ] [MainThread]:   port: None
[0m15:19:14.753774 [info ] [MainThread]:   proxy_host: None
[0m15:19:14.755776 [info ] [MainThread]:   proxy_port: None
[0m15:19:14.757854 [info ] [MainThread]:   protocol: None
[0m15:19:14.759697 [info ] [MainThread]:   connect_retries: 1
[0m15:19:14.761908 [info ] [MainThread]:   connect_timeout: None
[0m15:19:14.761908 [info ] [MainThread]:   retry_on_database_errors: False
[0m15:19:14.764962 [info ] [MainThread]:   retry_all: False
[0m15:19:14.764962 [info ] [MainThread]:   insecure_mode: False
[0m15:19:14.769976 [info ] [MainThread]:   reuse_connections: None
[0m15:19:14.769976 [info ] [MainThread]: Registered adapter: snowflake=1.8.2
[0m15:19:14.775165 [debug] [MainThread]: Acquiring new snowflake connection 'debug'
[0m15:19:14.775879 [debug] [MainThread]: Using snowflake connection "debug"
[0m15:19:14.778427 [debug] [MainThread]: On debug: select 1 as id
[0m15:19:14.778427 [debug] [MainThread]: Opening a new connection, currently in state init
[0m15:19:18.521251 [debug] [MainThread]: Snowflake adapter: Error running SQL: select 1 as id
[0m15:19:18.521251 [debug] [MainThread]: Snowflake adapter: Rolling back transaction.
[0m15:19:18.521251 [debug] [MainThread]: On debug: No close available on handle
[0m15:19:18.521251 [info ] [MainThread]:   Connection test: [[31mERROR[0m]

[0m15:19:18.521251 [info ] [MainThread]: [31m2 checks failed:[0m
[0m15:19:18.521251 [info ] [MainThread]: Project loading failed for the following reason:
 project path <C:\Users\21629\Desktop\dbt_airflow\dags\dbt\dbt_project.yml> not found

[0m15:19:18.521251 [info ] [MainThread]: dbt was unable to connect to the specified database.
The database returned the following error:

  >Database Error
  250001 (08001): Failed to connect to DB: si31446.uk-south.azure.snowflakecomputing.com:443. Role 'DBT_ROLE' specified in the connect string is not granted to this user. Contact your local system administrator, or attempt to login with another role, e.g. PUBLIC.

Check your database credentials and try again. For more information, visit:
https://docs.getdbt.com/docs/configure-your-profile


[0m15:19:18.533999 [debug] [MainThread]: Command `dbt debug` failed at 15:19:18.533999 after 5.63 seconds
[0m15:19:18.533999 [debug] [MainThread]: Connection 'debug' was properly closed.
[0m15:19:18.533999 [debug] [MainThread]: Sending event: {'category': 'dbt', 'action': 'invocation', 'label': 'end', 'context': [<snowplow_tracker.self_describing_json.SelfDescribingJson object at 0x000001F047984BD0>, <snowplow_tracker.self_describing_json.SelfDescribingJson object at 0x000001F047998490>, <snowplow_tracker.self_describing_json.SelfDescribingJson object at 0x000001F020496350>]}
[0m15:19:18.537198 [debug] [MainThread]: Flushing usage events
[0m15:30:27.131745 [debug] [MainThread]: Sending event: {'category': 'dbt', 'action': 'invocation', 'label': 'start', 'context': [<snowplow_tracker.self_describing_json.SelfDescribingJson object at 0x000001BC1630C990>, <snowplow_tracker.self_describing_json.SelfDescribingJson object at 0x000001BC1632A710>, <snowplow_tracker.self_describing_json.SelfDescribingJson object at 0x000001BC16328790>]}


============================== 15:30:27.131745 | ac09e841-45cc-4467-8ab0-a6424f610b57 ==============================
[0m15:30:27.131745 [info ] [MainThread]: Running with dbt=1.8.2
[0m15:30:27.131745 [debug] [MainThread]: running dbt with arguments {'printer_width': '80', 'indirect_selection': 'eager', 'log_cache_events': 'False', 'write_json': 'True', 'partial_parse': 'True', 'cache_selected_only': 'False', 'profiles_dir': 'C:\\Users\\21629\\.dbt', 'fail_fast': 'False', 'version_check': 'True', 'log_path': 'logs', 'warn_error': 'None', 'debug': 'False', 'use_colors': 'True', 'use_experimental_parser': 'False', 'no_print': 'None', 'quiet': 'False', 'warn_error_options': 'WarnErrorOptions(include=[], exclude=[])', 'static_parser': 'True', 'log_format': 'default', 'invocation_command': 'dbt debug', 'target_path': 'None', 'introspect': 'True', 'send_anonymous_usage_stats': 'True'}
[0m15:30:27.179585 [info ] [MainThread]: dbt version: 1.8.2
[0m15:30:27.179585 [info ] [MainThread]: python version: 3.11.3
[0m15:30:27.187697 [info ] [MainThread]: python path: C:\Users\21629\.pyenv\pyenv-win\versions\3.11.3\python.exe
[0m15:30:27.187697 [info ] [MainThread]: os info: Windows-10-10.0.22631-SP0
[0m15:30:28.391159 [info ] [MainThread]: Using profiles dir at C:\Users\21629\.dbt
[0m15:30:28.391159 [info ] [MainThread]: Using profiles.yml file at C:\Users\21629\.dbt\profiles.yml
[0m15:30:28.391159 [info ] [MainThread]: Using dbt_project.yml file at C:\Users\21629\Desktop\dbt_airflow\dags\dbt\dbt_project.yml
[0m15:30:28.391159 [info ] [MainThread]: adapter type: snowflake
[0m15:30:28.391159 [info ] [MainThread]: adapter version: 1.8.2
[0m15:30:28.391159 [info ] [MainThread]: Configuration:
[0m15:30:28.406532 [info ] [MainThread]:   profiles.yml file [[32mOK found and valid[0m]
[0m15:30:28.407425 [info ] [MainThread]:   dbt_project.yml file [[31mERROR not found[0m]
[0m15:30:28.407425 [info ] [MainThread]: Required dependencies:
[0m15:30:28.410109 [debug] [MainThread]: Executing "git --help"
[0m15:30:28.487249 [debug] [MainThread]: STDOUT: "b"usage: git [-v | --version] [-h | --help] [-C <path>] [-c <name>=<value>]\n           [--exec-path[=<path>]] [--html-path] [--man-path] [--info-path]\n           [-p | --paginate | -P | --no-pager] [--no-replace-objects] [--bare]\n           [--git-dir=<path>] [--work-tree=<path>] [--namespace=<name>]\n           [--config-env=<name>=<envvar>] <command> [<args>]\n\nThese are common Git commands used in various situations:\n\nstart a working area (see also: git help tutorial)\n   clone     Clone a repository into a new directory\n   init      Create an empty Git repository or reinitialize an existing one\n\nwork on the current change (see also: git help everyday)\n   add       Add file contents to the index\n   mv        Move or rename a file, a directory, or a symlink\n   restore   Restore working tree files\n   rm        Remove files from the working tree and from the index\n\nexamine the history and state (see also: git help revisions)\n   bisect    Use binary search to find the commit that introduced a bug\n   diff      Show changes between commits, commit and working tree, etc\n   grep      Print lines matching a pattern\n   log       Show commit logs\n   show      Show various types of objects\n   status    Show the working tree status\n\ngrow, mark and tweak your common history\n   branch    List, create, or delete branches\n   commit    Record changes to the repository\n   merge     Join two or more development histories together\n   rebase    Reapply commits on top of another base tip\n   reset     Reset current HEAD to the specified state\n   switch    Switch branches\n   tag       Create, list, delete or verify a tag object signed with GPG\n\ncollaborate (see also: git help workflows)\n   fetch     Download objects and refs from another repository\n   pull      Fetch from and integrate with another repository or a local branch\n   push      Update remote refs along with associated objects\n\n'git help -a' and 'git help -g' list available subcommands and some\nconcept guides. See 'git help <command>' or 'git help <concept>'\nto read about a specific subcommand or concept.\nSee 'git help git' for an overview of the system.\n""
[0m15:30:28.487249 [debug] [MainThread]: STDERR: "b''"
[0m15:30:28.487249 [info ] [MainThread]:  - git [[32mOK found[0m]

[0m15:30:28.493054 [info ] [MainThread]: Connection:
[0m15:30:28.493054 [info ] [MainThread]:   account: si31446.uk-south.azure
[0m15:30:28.493054 [info ] [MainThread]:   user: younsizeineb
[0m15:30:28.493054 [info ] [MainThread]:   database: opportunity
[0m15:30:28.493054 [info ] [MainThread]:   warehouse: load_data1
[0m15:30:28.493054 [info ] [MainThread]:   role: dbt_role
[0m15:30:28.501072 [info ] [MainThread]:   schema: curated_zone
[0m15:30:28.501072 [info ] [MainThread]:   authenticator: None
[0m15:30:28.501072 [info ] [MainThread]:   oauth_client_id: None
[0m15:30:28.501072 [info ] [MainThread]:   query_tag: None
[0m15:30:28.501072 [info ] [MainThread]:   client_session_keep_alive: False
[0m15:30:28.501072 [info ] [MainThread]:   host: None
[0m15:30:28.509068 [info ] [MainThread]:   port: None
[0m15:30:28.509068 [info ] [MainThread]:   proxy_host: None
[0m15:30:28.509068 [info ] [MainThread]:   proxy_port: None
[0m15:30:28.509068 [info ] [MainThread]:   protocol: None
[0m15:30:28.509068 [info ] [MainThread]:   connect_retries: 1
[0m15:30:28.509068 [info ] [MainThread]:   connect_timeout: None
[0m15:30:28.517070 [info ] [MainThread]:   retry_on_database_errors: False
[0m15:30:28.517070 [info ] [MainThread]:   retry_all: False
[0m15:30:28.517070 [info ] [MainThread]:   insecure_mode: False
[0m15:30:28.517070 [info ] [MainThread]:   reuse_connections: None
[0m15:30:28.517070 [info ] [MainThread]: Registered adapter: snowflake=1.8.2
[0m15:30:28.525067 [debug] [MainThread]: Acquiring new snowflake connection 'debug'
[0m15:30:28.525067 [debug] [MainThread]: Using snowflake connection "debug"
[0m15:30:28.525067 [debug] [MainThread]: On debug: select 1 as id
[0m15:30:28.525067 [debug] [MainThread]: Opening a new connection, currently in state init
[0m15:30:32.748046 [debug] [MainThread]: SQL status: SUCCESS 1 in 4.0 seconds
[0m15:30:32.748046 [debug] [MainThread]: On debug: Close
[0m15:30:33.709183 [info ] [MainThread]:   Connection test: [[32mOK connection ok[0m]

[0m15:30:33.709183 [info ] [MainThread]: [31m1 check failed:[0m
[0m15:30:33.709183 [info ] [MainThread]: Project loading failed for the following reason:
 project path <C:\Users\21629\Desktop\dbt_airflow\dags\dbt\dbt_project.yml> not found

[0m15:30:33.724840 [debug] [MainThread]: Command `dbt debug` failed at 15:30:33.724840 after 6.69 seconds
[0m15:30:33.724840 [debug] [MainThread]: Connection 'debug' was properly closed.
[0m15:30:33.724840 [debug] [MainThread]: Sending event: {'category': 'dbt', 'action': 'invocation', 'label': 'end', 'context': [<snowplow_tracker.self_describing_json.SelfDescribingJson object at 0x000001BC0FF49010>, <snowplow_tracker.self_describing_json.SelfDescribingJson object at 0x000001BC161F8C90>, <snowplow_tracker.self_describing_json.SelfDescribingJson object at 0x000001BC3746FB50>]}
[0m15:30:33.724840 [debug] [MainThread]: Flushing usage events
[0m15:34:16.310534 [debug] [MainThread]: Sending event: {'category': 'dbt', 'action': 'invocation', 'label': 'start', 'context': [<snowplow_tracker.self_describing_json.SelfDescribingJson object at 0x000001B039827D50>, <snowplow_tracker.self_describing_json.SelfDescribingJson object at 0x000001B03C2553D0>, <snowplow_tracker.self_describing_json.SelfDescribingJson object at 0x000001B03C55A190>]}


============================== 15:34:16.310534 | 4ee48b2f-de41-4b77-ad5e-dcfd421d1fe8 ==============================
[0m15:34:16.310534 [info ] [MainThread]: Running with dbt=1.8.2
[0m15:34:16.310534 [debug] [MainThread]: running dbt with arguments {'printer_width': '80', 'indirect_selection': 'eager', 'write_json': 'True', 'log_cache_events': 'False', 'partial_parse': 'True', 'cache_selected_only': 'False', 'warn_error': 'None', 'fail_fast': 'False', 'debug': 'False', 'log_path': 'logs', 'version_check': 'True', 'profiles_dir': 'C:\\Users\\21629\\.dbt', 'use_colors': 'True', 'use_experimental_parser': 'False', 'no_print': 'None', 'quiet': 'False', 'warn_error_options': 'WarnErrorOptions(include=[], exclude=[])', 'static_parser': 'True', 'introspect': 'True', 'log_format': 'default', 'target_path': 'None', 'invocation_command': 'dbt deps', 'send_anonymous_usage_stats': 'True'}
[0m15:34:16.310534 [error] [MainThread]: Encountered an error:
Runtime Error
  No dbt_project.yml found at expected path C:\Users\21629\Desktop\dbt_airflow\dags\dbt\dbt_project.yml
  Verify that each entry within packages.yml (and their transitive dependencies) contains a file named dbt_project.yml
  
[0m15:34:16.310534 [debug] [MainThread]: Command `dbt deps` failed at 15:34:16.310534 after 0.12 seconds
[0m15:34:16.326167 [debug] [MainThread]: Sending event: {'category': 'dbt', 'action': 'invocation', 'label': 'end', 'context': [<snowplow_tracker.self_describing_json.SelfDescribingJson object at 0x000001B03C558550>, <snowplow_tracker.self_describing_json.SelfDescribingJson object at 0x000001B03C55AA50>, <snowplow_tracker.self_describing_json.SelfDescribingJson object at 0x000001B03C55A3D0>]}
[0m15:34:16.327664 [debug] [MainThread]: Flushing usage events
[0m15:35:10.291710 [debug] [MainThread]: Sending event: {'category': 'dbt', 'action': 'invocation', 'label': 'start', 'context': [<snowplow_tracker.self_describing_json.SelfDescribingJson object at 0x000001C089ACA210>, <snowplow_tracker.self_describing_json.SelfDescribingJson object at 0x000001C089A71750>, <snowplow_tracker.self_describing_json.SelfDescribingJson object at 0x000001C089AC9310>]}


============================== 15:35:10.308426 | c6a99538-2ecb-48af-9aa3-0bb271961bb4 ==============================
[0m15:35:10.308426 [info ] [MainThread]: Running with dbt=1.8.2
[0m15:35:10.308426 [debug] [MainThread]: running dbt with arguments {'printer_width': '80', 'indirect_selection': 'eager', 'log_cache_events': 'False', 'write_json': 'True', 'partial_parse': 'True', 'cache_selected_only': 'False', 'profiles_dir': 'C:\\Users\\21629\\.dbt', 'version_check': 'True', 'fail_fast': 'False', 'log_path': 'logs', 'warn_error': 'None', 'debug': 'False', 'use_colors': 'True', 'use_experimental_parser': 'False', 'no_print': 'None', 'quiet': 'False', 'warn_error_options': 'WarnErrorOptions(include=[], exclude=[])', 'introspect': 'True', 'static_parser': 'True', 'invocation_command': 'dbt deps', 'target_path': 'None', 'log_format': 'default', 'send_anonymous_usage_stats': 'True'}
[0m15:35:10.308426 [error] [MainThread]: Encountered an error:
Runtime Error
  No dbt_project.yml found at expected path C:\Users\21629\Desktop\dbt_airflow\dags\dbt\dbt_project.yml
  Verify that each entry within packages.yml (and their transitive dependencies) contains a file named dbt_project.yml
  
[0m15:35:10.308426 [debug] [MainThread]: Command `dbt deps` failed at 15:35:10.308426 after 0.14 seconds
[0m15:35:10.308426 [debug] [MainThread]: Sending event: {'category': 'dbt', 'action': 'invocation', 'label': 'end', 'context': [<snowplow_tracker.self_describing_json.SelfDescribingJson object at 0x000001C083689B90>, <snowplow_tracker.self_describing_json.SelfDescribingJson object at 0x000001C089AC9F50>, <snowplow_tracker.self_describing_json.SelfDescribingJson object at 0x000001C089ACA290>]}
[0m15:35:10.308426 [debug] [MainThread]: Flushing usage events
[0m11:46:12.979857 [debug] [MainThread]: Sending event: {'category': 'dbt', 'action': 'invocation', 'label': 'start', 'context': [<snowplow_tracker.self_describing_json.SelfDescribingJson object at 0x000001EC0BAB47D0>, <snowplow_tracker.self_describing_json.SelfDescribingJson object at 0x000001EC0B5B5610>, <snowplow_tracker.self_describing_json.SelfDescribingJson object at 0x000001EC0BA99F10>]}


============================== 11:46:12.979857 | e3413b38-0a73-4a5c-9528-3052c41f7dfb ==============================
[0m11:46:12.979857 [info ] [MainThread]: Running with dbt=1.8.3
[0m11:46:12.979857 [debug] [MainThread]: running dbt with arguments {'printer_width': '80', 'indirect_selection': 'eager', 'write_json': 'True', 'log_cache_events': 'False', 'partial_parse': 'True', 'cache_selected_only': 'False', 'profiles_dir': 'C:\\Users\\21629\\.dbt', 'version_check': 'True', 'fail_fast': 'False', 'log_path': 'logs', 'warn_error': 'None', 'debug': 'False', 'use_colors': 'True', 'use_experimental_parser': 'False', 'no_print': 'None', 'quiet': 'False', 'empty': 'False', 'log_format': 'default', 'introspect': 'True', 'invocation_command': 'dbt run', 'warn_error_options': 'WarnErrorOptions(include=[], exclude=[])', 'target_path': 'None', 'static_parser': 'True', 'send_anonymous_usage_stats': 'True'}
[0m11:46:12.979857 [error] [MainThread]: Encountered an error:
Runtime Error
  No dbt_project.yml found at expected path C:\Users\21629\Desktop\dbt_airflow\dags\dbt\dbt_project.yml
  Verify that each entry within packages.yml (and their transitive dependencies) contains a file named dbt_project.yml
  
[0m11:46:12.979857 [debug] [MainThread]: Command `dbt run` failed at 11:46:12.979857 after 0.07 seconds
[0m11:46:12.979857 [debug] [MainThread]: Sending event: {'category': 'dbt', 'action': 'invocation', 'label': 'end', 'context': [<snowplow_tracker.self_describing_json.SelfDescribingJson object at 0x000001EC05306E90>, <snowplow_tracker.self_describing_json.SelfDescribingJson object at 0x000001EC0BA9B190>, <snowplow_tracker.self_describing_json.SelfDescribingJson object at 0x000001EC0BA9B090>]}
[0m11:46:12.979857 [debug] [MainThread]: Flushing usage events
[0m11:47:22.293027 [debug] [MainThread]: Sending event: {'category': 'dbt', 'action': 'invocation', 'label': 'start', 'context': [<snowplow_tracker.self_describing_json.SelfDescribingJson object at 0x000001852917A610>, <snowplow_tracker.self_describing_json.SelfDescribingJson object at 0x0000018528D4B4D0>, <snowplow_tracker.self_describing_json.SelfDescribingJson object at 0x0000018529199F10>]}


============================== 11:47:22.293027 | ca188e47-02f9-4db1-b8fa-80ab94746d7f ==============================
[0m11:47:22.293027 [info ] [MainThread]: Running with dbt=1.8.3
[0m11:47:22.293027 [debug] [MainThread]: running dbt with arguments {'printer_width': '80', 'indirect_selection': 'eager', 'log_cache_events': 'False', 'write_json': 'True', 'partial_parse': 'True', 'cache_selected_only': 'False', 'warn_error': 'None', 'fail_fast': 'False', 'debug': 'False', 'log_path': 'logs', 'version_check': 'True', 'profiles_dir': 'C:\\Users\\21629\\.dbt', 'use_colors': 'True', 'use_experimental_parser': 'False', 'empty': 'None', 'quiet': 'False', 'no_print': 'None', 'log_format': 'default', 'invocation_command': 'dbt test', 'introspect': 'True', 'static_parser': 'True', 'target_path': 'None', 'warn_error_options': 'WarnErrorOptions(include=[], exclude=[])', 'send_anonymous_usage_stats': 'True'}
[0m11:47:22.293027 [error] [MainThread]: Encountered an error:
Runtime Error
  No dbt_project.yml found at expected path C:\Users\21629\Desktop\dbt_airflow\dags\dbt\dbt_project.yml
  Verify that each entry within packages.yml (and their transitive dependencies) contains a file named dbt_project.yml
  
[0m11:47:22.302533 [debug] [MainThread]: Command `dbt test` failed at 11:47:22.302533 after 0.07 seconds
[0m11:47:22.302533 [debug] [MainThread]: Sending event: {'category': 'dbt', 'action': 'invocation', 'label': 'end', 'context': [<snowplow_tracker.self_describing_json.SelfDescribingJson object at 0x000001852917AC10>, <snowplow_tracker.self_describing_json.SelfDescribingJson object at 0x0000018522A16E90>, <snowplow_tracker.self_describing_json.SelfDescribingJson object at 0x000001852298DB90>]}
[0m11:47:22.302533 [debug] [MainThread]: Flushing usage events
