[0m10:01:48.957147 [debug] [MainThread]: Sending event: {'category': 'dbt', 'action': 'invocation', 'label': 'start', 'context': [<snowplow_tracker.self_describing_json.SelfDescribingJson object at 0x000002616E78A550>, <snowplow_tracker.self_describing_json.SelfDescribingJson object at 0x000002616E514C50>, <snowplow_tracker.self_describing_json.SelfDescribingJson object at 0x000002616E7831D0>]}


============================== 10:01:48.972692 | 3ba145de-e683-43ef-a09c-95118fd7fb6e ==============================
[0m10:01:48.972692 [info ] [MainThread]: Running with dbt=1.8.2
[0m10:01:48.972692 [debug] [MainThread]: running dbt with arguments {'printer_width': '80', 'indirect_selection': 'eager', 'write_json': 'True', 'log_cache_events': 'False', 'partial_parse': 'True', 'cache_selected_only': 'False', 'profiles_dir': 'C:\\Users\\21629\\.dbt', 'version_check': 'True', 'debug': 'False', 'log_path': 'logs', 'warn_error': 'None', 'fail_fast': 'False', 'use_colors': 'True', 'use_experimental_parser': 'False', 'no_print': 'None', 'quiet': 'False', 'log_format': 'default', 'static_parser': 'True', 'invocation_command': 'dbt debug', 'introspect': 'True', 'target_path': 'None', 'warn_error_options': 'WarnErrorOptions(include=[], exclude=[])', 'send_anonymous_usage_stats': 'True'}
[0m10:01:49.023619 [info ] [MainThread]: dbt version: 1.8.2
[0m10:01:49.024617 [info ] [MainThread]: python version: 3.11.3
[0m10:01:49.025618 [info ] [MainThread]: python path: C:\Users\21629\.pyenv\pyenv-win\versions\3.11.3\python.exe
[0m10:01:49.026614 [info ] [MainThread]: os info: Windows-10-10.0.22631-SP0
[0m10:01:53.050631 [info ] [MainThread]: Using profiles dir at C:\Users\21629\.dbt
[0m10:01:53.050631 [info ] [MainThread]: Using profiles.yml file at C:\Users\21629\.dbt\profiles.yml
[0m10:01:53.050631 [info ] [MainThread]: Using dbt_project.yml file at C:\Users\21629\Desktop\dbt_airflow\dbt_project.yml
[0m10:01:53.050631 [info ] [MainThread]: adapter type: snowflake
[0m10:01:53.050631 [info ] [MainThread]: adapter version: 1.8.2
[0m10:01:53.050631 [info ] [MainThread]: Configuration:
[0m10:01:53.066228 [info ] [MainThread]:   profiles.yml file [[32mOK found and valid[0m]
[0m10:01:53.067284 [info ] [MainThread]:   dbt_project.yml file [[31mERROR not found[0m]
[0m10:01:53.068085 [info ] [MainThread]: Required dependencies:
[0m10:01:53.069112 [debug] [MainThread]: Executing "git --help"
[0m10:01:53.111828 [debug] [MainThread]: STDOUT: "b"usage: git [-v | --version] [-h | --help] [-C <path>] [-c <name>=<value>]\n           [--exec-path[=<path>]] [--html-path] [--man-path] [--info-path]\n           [-p | --paginate | -P | --no-pager] [--no-replace-objects] [--bare]\n           [--git-dir=<path>] [--work-tree=<path>] [--namespace=<name>]\n           [--config-env=<name>=<envvar>] <command> [<args>]\n\nThese are common Git commands used in various situations:\n\nstart a working area (see also: git help tutorial)\n   clone     Clone a repository into a new directory\n   init      Create an empty Git repository or reinitialize an existing one\n\nwork on the current change (see also: git help everyday)\n   add       Add file contents to the index\n   mv        Move or rename a file, a directory, or a symlink\n   restore   Restore working tree files\n   rm        Remove files from the working tree and from the index\n\nexamine the history and state (see also: git help revisions)\n   bisect    Use binary search to find the commit that introduced a bug\n   diff      Show changes between commits, commit and working tree, etc\n   grep      Print lines matching a pattern\n   log       Show commit logs\n   show      Show various types of objects\n   status    Show the working tree status\n\ngrow, mark and tweak your common history\n   branch    List, create, or delete branches\n   commit    Record changes to the repository\n   merge     Join two or more development histories together\n   rebase    Reapply commits on top of another base tip\n   reset     Reset current HEAD to the specified state\n   switch    Switch branches\n   tag       Create, list, delete or verify a tag object signed with GPG\n\ncollaborate (see also: git help workflows)\n   fetch     Download objects and refs from another repository\n   pull      Fetch from and integrate with another repository or a local branch\n   push      Update remote refs along with associated objects\n\n'git help -a' and 'git help -g' list available subcommands and some\nconcept guides. See 'git help <command>' or 'git help <concept>'\nto read about a specific subcommand or concept.\nSee 'git help git' for an overview of the system.\n""
[0m10:01:53.111828 [debug] [MainThread]: STDERR: "b''"
[0m10:01:53.111828 [info ] [MainThread]:  - git [[32mOK found[0m]

[0m10:01:53.111828 [info ] [MainThread]: Connection:
[0m10:01:53.111828 [info ] [MainThread]:   account: si31446.uk-south.azure
[0m10:01:53.111828 [info ] [MainThread]:   user: younsizeineb
[0m10:01:53.111828 [info ] [MainThread]:   database: opportunity
[0m10:01:53.111828 [info ] [MainThread]:   warehouse: load_data1
[0m10:01:53.111828 [info ] [MainThread]:   role: dbt_role
[0m10:01:53.111828 [info ] [MainThread]:   schema: curated_zone
[0m10:01:53.124136 [info ] [MainThread]:   authenticator: None
[0m10:01:53.124136 [info ] [MainThread]:   oauth_client_id: None
[0m10:01:53.125143 [info ] [MainThread]:   query_tag: None
[0m10:01:53.126142 [info ] [MainThread]:   client_session_keep_alive: False
[0m10:01:53.127143 [info ] [MainThread]:   host: None
[0m10:01:53.127143 [info ] [MainThread]:   port: None
[0m10:01:53.128143 [info ] [MainThread]:   proxy_host: None
[0m10:01:53.129142 [info ] [MainThread]:   proxy_port: None
[0m10:01:53.130144 [info ] [MainThread]:   protocol: None
[0m10:01:53.130481 [info ] [MainThread]:   connect_retries: 1
[0m10:01:53.131525 [info ] [MainThread]:   connect_timeout: None
[0m10:01:53.131525 [info ] [MainThread]:   retry_on_database_errors: False
[0m10:01:53.132524 [info ] [MainThread]:   retry_all: False
[0m10:01:53.132524 [info ] [MainThread]:   insecure_mode: False
[0m10:01:53.133525 [info ] [MainThread]:   reuse_connections: None
[0m10:01:53.134310 [info ] [MainThread]: Registered adapter: snowflake=1.8.2
[0m10:01:53.134310 [debug] [MainThread]: Acquiring new snowflake connection 'debug'
[0m10:01:53.135375 [debug] [MainThread]: Using snowflake connection "debug"
[0m10:01:53.135375 [debug] [MainThread]: On debug: select 1 as id
[0m10:01:53.135375 [debug] [MainThread]: Opening a new connection, currently in state init
[0m10:02:05.547371 [debug] [MainThread]: SQL status: SUCCESS 1 in 12.0 seconds
[0m10:02:05.547371 [debug] [MainThread]: On debug: Close
[0m10:02:07.111846 [info ] [MainThread]:   Connection test: [[32mOK connection ok[0m]

[0m10:02:07.111846 [info ] [MainThread]: [31m1 check failed:[0m
[0m10:02:07.111846 [info ] [MainThread]: Project loading failed for the following reason:
 project path <C:\Users\21629\Desktop\dbt_airflow\dbt_project.yml> not found

[0m10:02:07.111846 [debug] [MainThread]: Command `dbt debug` failed at 10:02:07.111846 after 18.25 seconds
[0m10:02:07.111846 [debug] [MainThread]: Connection 'debug' was properly closed.
[0m10:02:07.111846 [debug] [MainThread]: Sending event: {'category': 'dbt', 'action': 'invocation', 'label': 'end', 'context': [<snowplow_tracker.self_describing_json.SelfDescribingJson object at 0x000002617F270A10>, <snowplow_tracker.self_describing_json.SelfDescribingJson object at 0x0000026168249AD0>, <snowplow_tracker.self_describing_json.SelfDescribingJson object at 0x0000026168248F90>]}
[0m10:02:07.111846 [debug] [MainThread]: Flushing usage events
[0m10:02:15.378293 [debug] [MainThread]: Error sending anonymous usage statistics. Disabling tracking for this execution. If you wish to permanently disable tracking, see: https://docs.getdbt.com/reference/global-configs#send-anonymous-usage-stats.
[0m11:53:29.675925 [debug] [MainThread]: Sending event: {'category': 'dbt', 'action': 'invocation', 'label': 'start', 'context': [<snowplow_tracker.self_describing_json.SelfDescribingJson object at 0x00000172DE3813D0>, <snowplow_tracker.self_describing_json.SelfDescribingJson object at 0x00000172DE388490>, <snowplow_tracker.self_describing_json.SelfDescribingJson object at 0x00000172DE389A10>]}


============================== 11:53:29.681130 | 254e3d11-eda6-4ffb-8a7e-5460a2a81eaa ==============================
[0m11:53:29.681130 [info ] [MainThread]: Running with dbt=1.8.2
[0m11:53:29.682685 [debug] [MainThread]: running dbt with arguments {'printer_width': '80', 'indirect_selection': 'eager', 'write_json': 'True', 'log_cache_events': 'False', 'partial_parse': 'True', 'cache_selected_only': 'False', 'warn_error': 'None', 'version_check': 'True', 'fail_fast': 'False', 'log_path': 'logs', 'profiles_dir': 'C:\\Users\\21629\\.dbt', 'debug': 'False', 'use_colors': 'True', 'use_experimental_parser': 'False', 'no_print': 'None', 'quiet': 'False', 'log_format': 'default', 'invocation_command': 'dbt debug', 'introspect': 'True', 'static_parser': 'True', 'target_path': 'None', 'warn_error_options': 'WarnErrorOptions(include=[], exclude=[])', 'send_anonymous_usage_stats': 'True'}
[0m11:53:29.718127 [info ] [MainThread]: dbt version: 1.8.2
[0m11:53:29.718652 [info ] [MainThread]: python version: 3.11.3
[0m11:53:29.719175 [info ] [MainThread]: python path: C:\Users\21629\.pyenv\pyenv-win\versions\3.11.3\python.exe
[0m11:53:29.719753 [info ] [MainThread]: os info: Windows-10-10.0.22631-SP0
[0m11:53:33.376297 [info ] [MainThread]: Using profiles dir at C:\Users\21629\.dbt
[0m11:53:33.376814 [info ] [MainThread]: Using profiles.yml file at C:\Users\21629\.dbt\profiles.yml
[0m11:53:33.377928 [info ] [MainThread]: Using dbt_project.yml file at C:\Users\21629\Desktop\dbt_airflow\dbt_project.yml
[0m11:53:33.380012 [info ] [MainThread]: adapter type: snowflake
[0m11:53:33.380012 [info ] [MainThread]: adapter version: 1.8.2
[0m11:53:33.381650 [info ] [MainThread]: Configuration:
[0m11:53:33.381650 [info ] [MainThread]:   profiles.yml file [[32mOK found and valid[0m]
[0m11:53:33.381650 [info ] [MainThread]:   dbt_project.yml file [[31mERROR not found[0m]
[0m11:53:33.381650 [info ] [MainThread]: Required dependencies:
[0m11:53:33.381650 [debug] [MainThread]: Executing "git --help"
[0m11:53:33.417935 [debug] [MainThread]: STDOUT: "b"usage: git [-v | --version] [-h | --help] [-C <path>] [-c <name>=<value>]\n           [--exec-path[=<path>]] [--html-path] [--man-path] [--info-path]\n           [-p | --paginate | -P | --no-pager] [--no-replace-objects] [--bare]\n           [--git-dir=<path>] [--work-tree=<path>] [--namespace=<name>]\n           [--config-env=<name>=<envvar>] <command> [<args>]\n\nThese are common Git commands used in various situations:\n\nstart a working area (see also: git help tutorial)\n   clone     Clone a repository into a new directory\n   init      Create an empty Git repository or reinitialize an existing one\n\nwork on the current change (see also: git help everyday)\n   add       Add file contents to the index\n   mv        Move or rename a file, a directory, or a symlink\n   restore   Restore working tree files\n   rm        Remove files from the working tree and from the index\n\nexamine the history and state (see also: git help revisions)\n   bisect    Use binary search to find the commit that introduced a bug\n   diff      Show changes between commits, commit and working tree, etc\n   grep      Print lines matching a pattern\n   log       Show commit logs\n   show      Show various types of objects\n   status    Show the working tree status\n\ngrow, mark and tweak your common history\n   branch    List, create, or delete branches\n   commit    Record changes to the repository\n   merge     Join two or more development histories together\n   rebase    Reapply commits on top of another base tip\n   reset     Reset current HEAD to the specified state\n   switch    Switch branches\n   tag       Create, list, delete or verify a tag object signed with GPG\n\ncollaborate (see also: git help workflows)\n   fetch     Download objects and refs from another repository\n   pull      Fetch from and integrate with another repository or a local branch\n   push      Update remote refs along with associated objects\n\n'git help -a' and 'git help -g' list available subcommands and some\nconcept guides. See 'git help <command>' or 'git help <concept>'\nto read about a specific subcommand or concept.\nSee 'git help git' for an overview of the system.\n""
[0m11:53:33.418969 [debug] [MainThread]: STDERR: "b''"
[0m11:53:33.419510 [info ] [MainThread]:  - git [[32mOK found[0m]

[0m11:53:33.420037 [info ] [MainThread]: Connection:
[0m11:53:33.421100 [info ] [MainThread]:   account: si31446.uk-south.azure
[0m11:53:33.421192 [info ] [MainThread]:   user: younsizeineb
[0m11:53:33.421719 [info ] [MainThread]:   database: opportunity
[0m11:53:33.422246 [info ] [MainThread]:   warehouse: load_data1
[0m11:53:33.422773 [info ] [MainThread]:   role: dbt_role
[0m11:53:33.423299 [info ] [MainThread]:   schema: curated_zone
[0m11:53:33.423824 [info ] [MainThread]:   authenticator: None
[0m11:53:33.424878 [info ] [MainThread]:   oauth_client_id: None
[0m11:53:33.425402 [info ] [MainThread]:   query_tag: None
[0m11:53:33.425927 [info ] [MainThread]:   client_session_keep_alive: False
[0m11:53:33.426515 [info ] [MainThread]:   host: None
[0m11:53:33.427035 [info ] [MainThread]:   port: None
[0m11:53:33.427557 [info ] [MainThread]:   proxy_host: None
[0m11:53:33.428075 [info ] [MainThread]:   proxy_port: None
[0m11:53:33.428611 [info ] [MainThread]:   protocol: None
[0m11:53:33.429126 [info ] [MainThread]:   connect_retries: 1
[0m11:53:33.429639 [info ] [MainThread]:   connect_timeout: None
[0m11:53:33.430152 [info ] [MainThread]:   retry_on_database_errors: False
[0m11:53:33.430665 [info ] [MainThread]:   retry_all: False
[0m11:53:33.431180 [info ] [MainThread]:   insecure_mode: False
[0m11:53:33.431755 [info ] [MainThread]:   reuse_connections: None
[0m11:53:33.432779 [info ] [MainThread]: Registered adapter: snowflake=1.8.2
[0m11:53:33.433299 [debug] [MainThread]: Acquiring new snowflake connection 'debug'
[0m11:53:33.434336 [debug] [MainThread]: Using snowflake connection "debug"
[0m11:53:33.434856 [debug] [MainThread]: On debug: select 1 as id
[0m11:53:33.434856 [debug] [MainThread]: Opening a new connection, currently in state init
[0m11:53:35.338651 [debug] [MainThread]: SQL status: SUCCESS 1 in 2.0 seconds
[0m11:53:35.339679 [debug] [MainThread]: On debug: Close
[0m11:53:35.722716 [info ] [MainThread]:   Connection test: [[32mOK connection ok[0m]

[0m11:53:50.755755 [info ] [MainThread]: [31m1 check failed:[0m
[0m11:53:50.758884 [info ] [MainThread]: Project loading failed for the following reason:
 project path <C:\Users\21629\Desktop\dbt_airflow\dbt_project.yml> not found

[0m11:53:50.760258 [debug] [MainThread]: Command `dbt debug` failed at 11:53:50.760258 after 21.17 seconds
[0m11:53:50.760812 [debug] [MainThread]: Connection 'debug' was properly closed.
[0m11:53:50.761337 [debug] [MainThread]: Sending event: {'category': 'dbt', 'action': 'invocation', 'label': 'end', 'context': [<snowplow_tracker.self_describing_json.SelfDescribingJson object at 0x00000172D7E68D10>, <snowplow_tracker.self_describing_json.SelfDescribingJson object at 0x00000172D80EAD90>, <snowplow_tracker.self_describing_json.SelfDescribingJson object at 0x00000172D80EAD10>]}
[0m11:53:50.762374 [debug] [MainThread]: Flushing usage events
[0m09:43:25.994797 [debug] [MainThread]: Sending event: {'category': 'dbt', 'action': 'invocation', 'label': 'start', 'context': [<snowplow_tracker.self_describing_json.SelfDescribingJson object at 0x000001CAABA67E90>, <snowplow_tracker.self_describing_json.SelfDescribingJson object at 0x000001CAABA66750>, <snowplow_tracker.self_describing_json.SelfDescribingJson object at 0x000001CAABA668D0>]}


============================== 09:43:26.010691 | 393e176d-8cd9-4122-8420-8f80a18129dc ==============================
[0m09:43:26.010691 [info ] [MainThread]: Running with dbt=1.8.3
[0m09:43:26.010691 [debug] [MainThread]: running dbt with arguments {'printer_width': '80', 'indirect_selection': 'eager', 'log_cache_events': 'False', 'write_json': 'True', 'partial_parse': 'True', 'cache_selected_only': 'False', 'warn_error': 'None', 'fail_fast': 'False', 'profiles_dir': 'C:\\Users\\21629\\.dbt', 'log_path': 'logs', 'debug': 'False', 'version_check': 'True', 'use_colors': 'True', 'use_experimental_parser': 'False', 'empty': 'False', 'quiet': 'False', 'no_print': 'None', 'log_format': 'default', 'invocation_command': 'dbt run', 'warn_error_options': 'WarnErrorOptions(include=[], exclude=[])', 'introspect': 'True', 'target_path': 'None', 'static_parser': 'True', 'send_anonymous_usage_stats': 'True'}
[0m09:43:26.010691 [error] [MainThread]: Encountered an error:
Runtime Error
  No dbt_project.yml found at expected path C:\Users\21629\Desktop\dbt_airflow\dbt_project.yml
  Verify that each entry within packages.yml (and their transitive dependencies) contains a file named dbt_project.yml
  
[0m09:43:26.025334 [debug] [MainThread]: Command `dbt run` failed at 09:43:26.025334 after 0.17 seconds
[0m09:43:26.025334 [debug] [MainThread]: Sending event: {'category': 'dbt', 'action': 'invocation', 'label': 'end', 'context': [<snowplow_tracker.self_describing_json.SelfDescribingJson object at 0x000001CAA4EFDF10>, <snowplow_tracker.self_describing_json.SelfDescribingJson object at 0x000001CAABA27190>, <snowplow_tracker.self_describing_json.SelfDescribingJson object at 0x000001CAABA24D10>]}
[0m09:43:26.025334 [debug] [MainThread]: Flushing usage events
[0m09:44:06.525864 [debug] [MainThread]: Sending event: {'category': 'dbt', 'action': 'invocation', 'label': 'start', 'context': [<snowplow_tracker.self_describing_json.SelfDescribingJson object at 0x0000029E5F109850>, <snowplow_tracker.self_describing_json.SelfDescribingJson object at 0x0000029E5F0EF550>, <snowplow_tracker.self_describing_json.SelfDescribingJson object at 0x0000029E5F0BD250>]}


============================== 09:44:06.533884 | 50bea716-3684-4c17-b32b-f9df3a11b9d8 ==============================
[0m09:44:06.533884 [info ] [MainThread]: Running with dbt=1.8.3
[0m09:44:06.533884 [debug] [MainThread]: running dbt with arguments {'printer_width': '80', 'indirect_selection': 'eager', 'write_json': 'True', 'log_cache_events': 'False', 'partial_parse': 'True', 'cache_selected_only': 'False', 'warn_error': 'None', 'version_check': 'True', 'fail_fast': 'False', 'log_path': 'logs', 'profiles_dir': 'C:\\Users\\21629\\.dbt', 'debug': 'False', 'use_colors': 'True', 'use_experimental_parser': 'False', 'no_print': 'None', 'quiet': 'False', 'empty': 'False', 'log_format': 'default', 'introspect': 'True', 'warn_error_options': 'WarnErrorOptions(include=[], exclude=[])', 'static_parser': 'True', 'target_path': 'None', 'invocation_command': 'dbt run', 'send_anonymous_usage_stats': 'True'}
[0m09:44:06.533884 [error] [MainThread]: Encountered an error:
Runtime Error
  No dbt_project.yml found at expected path C:\Users\21629\Desktop\dbt_airflow\dbt_project.yml
  Verify that each entry within packages.yml (and their transitive dependencies) contains a file named dbt_project.yml
  
[0m09:44:06.541884 [debug] [MainThread]: Command `dbt run` failed at 09:44:06.541884 after 0.14 seconds
[0m09:44:06.541884 [debug] [MainThread]: Sending event: {'category': 'dbt', 'action': 'invocation', 'label': 'end', 'context': [<snowplow_tracker.self_describing_json.SelfDescribingJson object at 0x0000029E5F111E50>, <snowplow_tracker.self_describing_json.SelfDescribingJson object at 0x0000029E5EC25810>, <snowplow_tracker.self_describing_json.SelfDescribingJson object at 0x0000029E588FDD50>]}
[0m09:44:06.541884 [debug] [MainThread]: Flushing usage events
